2020-Jun-23 00:35:04,863 [main] com.ajioweb.keyword.Keyword 
  INFO  chrome is opened!! 
2020-Jun-23 00:35:09,046 [main] com.ajioweb.keyword.Keyword 
  INFO  Maximized Browser Window!!
2020-Jun-23 00:35:22,064 [main] com.ajioweb.keyword.Keyword 
  INFO  https://www.ajio.com is launched!!
2020-Jun-23 00:35:24,468 [main] com.ajioweb.keyword.Keyword 
  INFO  Deleted All Cookies!!
2020-Jun-23 00:35:24,476 [main] com.ajioweb.keyword.Keyword 
  INFO  20SECONDS Page load timeout  is applied!!
2020-Jun-23 00:35:24,484 [main] com.ajioweb.keyword.Keyword 
  INFO  20SECONDS Implicit Wait is applied!!
2020-Jun-23 00:35:29,399 [main] com.ajioweb.keyword.Keyword 
  INFO  Current browser window is Closed!!
2020-Jun-23 00:35:35,151 [main] com.ajioweb.keyword.Keyword 
  INFO  chrome is opened!! 
2020-Jun-23 00:35:39,330 [main] com.ajioweb.keyword.Keyword 
  INFO  Maximized Browser Window!!
2020-Jun-23 00:35:51,163 [main] com.ajioweb.keyword.Keyword 
  INFO  https://www.ajio.com is launched!!
2020-Jun-23 00:35:53,251 [main] com.ajioweb.keyword.Keyword 
  INFO  Deleted All Cookies!!
2020-Jun-23 00:35:53,259 [main] com.ajioweb.keyword.Keyword 
  INFO  20SECONDS Page load timeout  is applied!!
2020-Jun-23 00:35:53,263 [main] com.ajioweb.keyword.Keyword 
  INFO  20SECONDS Implicit Wait is applied!!
2020-Jun-23 00:35:53,589 [main] com.ajioweb.pagetest.HomepagePageTest 
  INFO  Shop men Link is visible
2020-Jun-23 00:35:53,825 [main] com.ajioweb.keyword.Keyword 
  INFO  Current browser window is Closed!!
