2020-Jun-23 02:07:02,158 [main] com.ajioweb.keyword.Keyword 
  INFO  Deleted All Cookies!!
2020-Jun-23 02:07:02,182 [main] com.ajioweb.keyword.Keyword 
  INFO  20SECONDS Page load timeout  is applied!!
2020-Jun-23 02:07:02,198 [main] com.ajioweb.keyword.Keyword 
  INFO  20SECONDS Implicit Wait is applied!!
2020-Jun-23 02:07:09,554 [main] com.ajioweb.keyword.Keyword 
  INFO  Current browser window is Closed!!
2020-Jun-23 02:07:15,441 [main] com.ajioweb.keyword.Keyword 
  INFO  chrome is opened!! 
2020-Jun-23 02:07:19,590 [main] com.ajioweb.keyword.Keyword 
  INFO  Maximized Browser Window!!
2020-Jun-23 02:07:25,858 [main] com.ajioweb.keyword.Keyword 
  INFO  https://www.ajio.com is launched!!
2020-Jun-23 02:07:28,128 [main] com.ajioweb.keyword.Keyword 
  INFO  Deleted All Cookies!!
2020-Jun-23 02:07:28,136 [main] com.ajioweb.keyword.Keyword 
  INFO  20SECONDS Page load timeout  is applied!!
2020-Jun-23 02:07:28,144 [main] com.ajioweb.keyword.Keyword 
  INFO  20SECONDS Implicit Wait is applied!!
2020-Jun-23 02:07:34,192 [main] com.ajioweb.keyword.Keyword 
  INFO  Current browser window is Closed!!
2020-Jun-23 02:07:40,187 [main] com.ajioweb.keyword.Keyword 
  INFO  chrome is opened!! 
2020-Jun-23 02:07:44,360 [main] com.ajioweb.keyword.Keyword 
  INFO  Maximized Browser Window!!
2020-Jun-23 02:07:53,232 [main] com.ajioweb.keyword.Keyword 
  INFO  https://www.ajio.com is launched!!
2020-Jun-23 02:07:55,748 [main] com.ajioweb.keyword.Keyword 
  INFO  Deleted All Cookies!!
2020-Jun-23 02:07:55,752 [main] com.ajioweb.keyword.Keyword 
  INFO  20SECONDS Page load timeout  is applied!!
2020-Jun-23 02:07:55,760 [main] com.ajioweb.keyword.Keyword 
  INFO  20SECONDS Implicit Wait is applied!!
2020-Jun-23 02:07:56,411 [main] com.ajioweb.keyword.Keyword 
  INFO  Current browser window is Closed!!
