2020-Jun-22 23:36:08,821 [main] com.ajioweb.keyword.Keyword 
  INFO  chrome is opened!! 
2020-Jun-22 23:36:13,029 [main] com.ajioweb.keyword.Keyword 
  INFO  Maximized Browser Window!!
2020-Jun-22 23:36:22,321 [main] com.ajioweb.keyword.Keyword 
  INFO  https://www.ajio.com is launched!!
2020-Jun-22 23:36:26,772 [main] com.ajioweb.keyword.Keyword 
  INFO  Deleted All Cookies!!
2020-Jun-22 23:36:26,788 [main] com.ajioweb.keyword.Keyword 
  INFO  20SECONDS Page load timeout  is applied!!
2020-Jun-22 23:36:26,800 [main] com.ajioweb.keyword.Keyword 
  INFO  20SECONDS Implicit Wait is applied!!
2020-Jun-22 23:36:26,904 [main] com.ajioweb.pagetest.HomepagePageTest 
  INFO  CustomerCare  Link is visible
2020-Jun-22 23:36:31,355 [main] com.ajioweb.keyword.Keyword 
  INFO  Current browser window is Closed!!
2020-Jun-22 23:36:37,262 [main] com.ajioweb.keyword.Keyword 
  INFO  chrome is opened!! 
2020-Jun-22 23:36:41,419 [main] com.ajioweb.keyword.Keyword 
  INFO  Maximized Browser Window!!
2020-Jun-22 23:36:48,113 [main] com.ajioweb.keyword.Keyword 
  INFO  https://www.ajio.com is launched!!
2020-Jun-22 23:36:49,665 [main] com.ajioweb.keyword.Keyword 
  INFO  Deleted All Cookies!!
2020-Jun-22 23:36:49,681 [main] com.ajioweb.keyword.Keyword 
  INFO  20SECONDS Page load timeout  is applied!!
2020-Jun-22 23:36:49,693 [main] com.ajioweb.keyword.Keyword 
  INFO  20SECONDS Implicit Wait is applied!!
2020-Jun-22 23:36:56,646 [main] com.ajioweb.keyword.Keyword 
  INFO  Current browser window is Closed!!
