2020-Jun-22 23:38:00,679 [main] com.ajioweb.keyword.Keyword 
  INFO  Maximized Browser Window!!
2020-Jun-22 23:38:06,711 [main] com.ajioweb.keyword.Keyword 
  INFO  https://www.ajio.com is launched!!
2020-Jun-22 23:38:09,809 [main] com.ajioweb.keyword.Keyword 
  INFO  Deleted All Cookies!!
2020-Jun-22 23:38:09,817 [main] com.ajioweb.keyword.Keyword 
  INFO  20SECONDS Page load timeout  is applied!!
2020-Jun-22 23:38:09,825 [main] com.ajioweb.keyword.Keyword 
  INFO  20SECONDS Implicit Wait is applied!!
2020-Jun-22 23:38:09,881 [main] com.ajioweb.pagetest.HomepagePageTest 
  INFO  Shop kids  Link is visible
2020-Jun-22 23:38:14,056 [main] com.ajioweb.keyword.Keyword 
  INFO  Current browser window is Closed!!
2020-Jun-22 23:38:20,113 [main] com.ajioweb.keyword.Keyword 
  INFO  chrome is opened!! 
2020-Jun-22 23:38:24,300 [main] com.ajioweb.keyword.Keyword 
  INFO  Maximized Browser Window!!
2020-Jun-22 23:38:29,780 [main] com.ajioweb.keyword.Keyword 
  INFO  https://www.ajio.com is launched!!
2020-Jun-22 23:38:32,107 [main] com.ajioweb.keyword.Keyword 
  INFO  Deleted All Cookies!!
2020-Jun-22 23:38:32,115 [main] com.ajioweb.keyword.Keyword 
  INFO  20SECONDS Page load timeout  is applied!!
2020-Jun-22 23:38:32,119 [main] com.ajioweb.keyword.Keyword 
  INFO  20SECONDS Implicit Wait is applied!!
2020-Jun-22 23:38:35,670 [main] com.ajioweb.keyword.Keyword 
  INFO  Current browser window is Closed!!
2020-Jun-22 23:38:42,040 [main] com.ajioweb.keyword.Keyword 
  INFO  chrome is opened!! 
2020-Jun-22 23:38:46,244 [main] com.ajioweb.keyword.Keyword 
  INFO  Maximized Browser Window!!
2020-Jun-22 23:38:54,623 [main] com.ajioweb.keyword.Keyword 
  INFO  https://www.ajio.com is launched!!
2020-Jun-22 23:38:57,218 [main] com.ajioweb.keyword.Keyword 
  INFO  Deleted All Cookies!!
2020-Jun-22 23:38:57,238 [main] com.ajioweb.keyword.Keyword 
  INFO  20SECONDS Page load timeout  is applied!!
2020-Jun-22 23:38:57,245 [main] com.ajioweb.keyword.Keyword 
  INFO  20SECONDS Implicit Wait is applied!!
2020-Jun-22 23:38:57,289 [main] com.ajioweb.pagetest.HomepagePageTest 
  INFO  Shop men Link is visible
2020-Jun-22 23:38:57,974 [main] com.ajioweb.keyword.Keyword 
  INFO  Current browser window is Closed!!
