2020-Jun-22 23:39:03,782 [main] com.ajioweb.keyword.Keyword 
  INFO  chrome is opened!! 
2020-Jun-22 23:39:07,954 [main] com.ajioweb.keyword.Keyword 
  INFO  Maximized Browser Window!!
2020-Jun-22 23:39:14,913 [main] com.ajioweb.keyword.Keyword 
  INFO  https://www.ajio.com is launched!!
2020-Jun-22 23:39:17,272 [main] com.ajioweb.keyword.Keyword 
  INFO  Deleted All Cookies!!
2020-Jun-22 23:39:17,280 [main] com.ajioweb.keyword.Keyword 
  INFO  20SECONDS Page load timeout  is applied!!
2020-Jun-22 23:39:17,288 [main] com.ajioweb.keyword.Keyword 
  INFO  20SECONDS Implicit Wait is applied!!
2020-Jun-22 23:39:25,501 [main] com.ajioweb.keyword.Keyword 
  INFO  Current browser window is Closed!!
2020-Jun-22 23:39:31,373 [main] com.ajioweb.keyword.Keyword 
  INFO  chrome is opened!! 
2020-Jun-22 23:39:35,554 [main] com.ajioweb.keyword.Keyword 
  INFO  Maximized Browser Window!!
2020-Jun-22 23:39:42,621 [main] com.ajioweb.keyword.Keyword 
  INFO  https://www.ajio.com is launched!!
2020-Jun-22 23:39:44,520 [main] com.ajioweb.keyword.Keyword 
  INFO  Deleted All Cookies!!
2020-Jun-22 23:39:44,540 [main] com.ajioweb.keyword.Keyword 
  INFO  20SECONDS Page load timeout  is applied!!
2020-Jun-22 23:39:44,550 [main] com.ajioweb.keyword.Keyword 
  INFO  20SECONDS Implicit Wait is applied!!
2020-Jun-22 23:39:44,630 [main] com.ajioweb.pagetest.HomepagePageTest 
  INFO  Shop sale Link is visible
2020-Jun-22 23:39:44,902 [main] com.ajioweb.keyword.Keyword 
  INFO  Current browser window is Closed!!
2020-Jun-22 23:39:50,843 [main] com.ajioweb.keyword.Keyword 
  INFO  chrome is opened!! 
2020-Jun-22 23:39:54,992 [main] com.ajioweb.keyword.Keyword 
  INFO  Maximized Browser Window!!
