2020-Jun-23 02:40:12,061 [main] com.ajioweb.keyword.Keyword 
  INFO  https://www.ajio.com is launched!!
2020-Jun-23 02:40:15,560 [main] com.ajioweb.keyword.Keyword 
  INFO  Deleted All Cookies!!
2020-Jun-23 02:40:15,575 [main] com.ajioweb.keyword.Keyword 
  INFO  20SECONDS Page load timeout  is applied!!
2020-Jun-23 02:40:15,585 [main] com.ajioweb.keyword.Keyword 
  INFO  20SECONDS Implicit Wait is applied!!
2020-Jun-23 02:40:15,810 [main] com.ajioweb.pagetest.SignOutPageTest 
  INFO  SignIn Modal Pop-up Opned!!
2020-Jun-23 02:40:17,428 [main] com.ajioweb.keyword.Keyword 
  INFO  20SECONDS Explicit wait is applied!!
2020-Jun-23 02:40:24,383 [main] com.ajioweb.pagetest.SignOutPageTest 
  INFO  Redirected to My Account Page
2020-Jun-23 02:40:29,445 [main] com.ajioweb.keyword.Keyword 
  INFO  Current browser window is Closed!!
2020-Jun-23 02:40:35,634 [main] com.ajioweb.keyword.Keyword 
  INFO  chrome is opened!! 
2020-Jun-23 02:40:39,828 [main] com.ajioweb.keyword.Keyword 
  INFO  Maximized Browser Window!!
2020-Jun-23 02:40:46,932 [main] com.ajioweb.keyword.Keyword 
  INFO  https://www.ajio.com is launched!!
2020-Jun-23 02:40:52,369 [main] com.ajioweb.keyword.Keyword 
  INFO  Deleted All Cookies!!
2020-Jun-23 02:40:52,378 [main] com.ajioweb.keyword.Keyword 
  INFO  20SECONDS Page load timeout  is applied!!
2020-Jun-23 02:40:52,383 [main] com.ajioweb.keyword.Keyword 
  INFO  20SECONDS Implicit Wait is applied!!
2020-Jun-23 02:40:52,830 [main] com.ajioweb.pagetest.SignOutPageTest 
  INFO  SignIn Modal Pop-up Opned!!
2020-Jun-23 02:40:57,137 [main] com.ajioweb.keyword.Keyword 
  INFO  20SECONDS Explicit wait is applied!!
