2020-Jun-23 02:32:02,135 [main] com.ajioweb.keyword.Keyword 
  INFO  https://www.ajio.com is launched!!
2020-Jun-23 02:32:05,428 [main] com.ajioweb.keyword.Keyword 
  INFO  Deleted All Cookies!!
2020-Jun-23 02:32:05,436 [main] com.ajioweb.keyword.Keyword 
  INFO  20SECONDS Page load timeout  is applied!!
2020-Jun-23 02:32:05,440 [main] com.ajioweb.keyword.Keyword 
  INFO  20SECONDS Implicit Wait is applied!!
2020-Jun-23 02:32:05,821 [main] com.ajioweb.pagetest.SignOutPageTest 
  INFO  SignIn Modal Pop-up Opned!!
2020-Jun-23 02:32:07,915 [main] com.ajioweb.keyword.Keyword 
  INFO  20SECONDS Explicit wait is applied!!
2020-Jun-23 02:32:33,397 [main] com.ajioweb.keyword.Keyword 
  INFO  Screenshot taken Successfully!!
2020-Jun-23 02:32:34,063 [main] com.ajioweb.extentReport.ScreenShot 
  INFO  Screenshot taken Successfully!!
2020-Jun-23 02:32:38,891 [main] com.ajioweb.keyword.Keyword 
  INFO  Current browser window is Closed!!
2020-Jun-23 02:32:44,869 [main] com.ajioweb.keyword.Keyword 
  INFO  chrome is opened!! 
2020-Jun-23 02:32:49,036 [main] com.ajioweb.keyword.Keyword 
  INFO  Maximized Browser Window!!
2020-Jun-23 02:32:55,411 [main] com.ajioweb.keyword.Keyword 
  INFO  https://www.ajio.com is launched!!
2020-Jun-23 02:32:58,391 [main] com.ajioweb.keyword.Keyword 
  INFO  Deleted All Cookies!!
2020-Jun-23 02:32:58,402 [main] com.ajioweb.keyword.Keyword 
  INFO  20SECONDS Page load timeout  is applied!!
2020-Jun-23 02:32:58,410 [main] com.ajioweb.keyword.Keyword 
  INFO  20SECONDS Implicit Wait is applied!!
2020-Jun-23 02:32:58,610 [main] com.ajioweb.pagetest.SignOutPageTest 
  INFO  SignIn Modal Pop-up Opned!!
