2020-Jun-23 00:30:01,081 [main] com.ajioweb.keyword.Keyword 
  INFO  chrome is opened!! 
2020-Jun-23 00:30:05,248 [main] com.ajioweb.keyword.Keyword 
  INFO  Maximized Browser Window!!
2020-Jun-23 00:30:17,053 [main] com.ajioweb.keyword.Keyword 
  INFO  https://www.ajio.com is launched!!
2020-Jun-23 00:30:18,939 [main] com.ajioweb.keyword.Keyword 
  INFO  Deleted All Cookies!!
2020-Jun-23 00:30:18,947 [main] com.ajioweb.keyword.Keyword 
  INFO  20SECONDS Page load timeout  is applied!!
2020-Jun-23 00:30:18,955 [main] com.ajioweb.keyword.Keyword 
  INFO  20SECONDS Implicit Wait is applied!!
2020-Jun-23 00:30:19,340 [main] com.ajioweb.keyword.Keyword 
  INFO  Current browser window is Closed!!
2020-Jun-23 00:30:25,176 [main] com.ajioweb.keyword.Keyword 
  INFO  chrome is opened!! 
2020-Jun-23 00:30:29,322 [main] com.ajioweb.keyword.Keyword 
  INFO  Maximized Browser Window!!
2020-Jun-23 00:30:42,929 [main] com.ajioweb.keyword.Keyword 
  INFO  https://www.ajio.com is launched!!
2020-Jun-23 00:30:45,992 [main] com.ajioweb.keyword.Keyword 
  INFO  Deleted All Cookies!!
2020-Jun-23 00:30:46,000 [main] com.ajioweb.keyword.Keyword 
  INFO  20SECONDS Page load timeout  is applied!!
2020-Jun-23 00:30:46,008 [main] com.ajioweb.keyword.Keyword 
  INFO  20SECONDS Implicit Wait is applied!!
2020-Jun-23 00:30:46,093 [main] com.ajioweb.pagetest.HomepagePageTest 
  INFO  signIn_JoinAjio  Link is visible
2020-Jun-23 00:30:46,753 [main] com.ajioweb.keyword.Keyword 
  INFO  Current browser window is Closed!!
