2020-Jun-23 01:38:00,153 [main] com.ajioweb.keyword.Keyword 
  INFO  chrome is opened!! 
2020-Jun-23 01:38:04,318 [main] com.ajioweb.keyword.Keyword 
  INFO  Maximized Browser Window!!
2020-Jun-23 01:38:13,170 [main] com.ajioweb.keyword.Keyword 
  INFO  https://www.ajio.com is launched!!
2020-Jun-23 01:38:16,308 [main] com.ajioweb.keyword.Keyword 
  INFO  Deleted All Cookies!!
2020-Jun-23 01:38:16,316 [main] com.ajioweb.keyword.Keyword 
  INFO  20SECONDS Page load timeout  is applied!!
2020-Jun-23 01:38:16,328 [main] com.ajioweb.keyword.Keyword 
  INFO  20SECONDS Implicit Wait is applied!!
2020-Jun-23 01:38:20,098 [main] com.ajioweb.keyword.Keyword 
  INFO  Screenshot taken Successfully!!
2020-Jun-23 01:38:20,562 [main] com.ajioweb.extentReport.ScreenShot 
  INFO  Screenshot taken Successfully!!
2020-Jun-23 01:38:20,994 [main] com.ajioweb.keyword.Keyword 
  INFO  Current browser window is Closed!!
2020-Jun-23 01:38:27,503 [main] com.ajioweb.keyword.Keyword 
  INFO  chrome is opened!! 
2020-Jun-23 01:38:31,774 [main] com.ajioweb.keyword.Keyword 
  INFO  Maximized Browser Window!!
2020-Jun-23 01:38:43,985 [main] com.ajioweb.keyword.Keyword 
  INFO  https://www.ajio.com is launched!!
2020-Jun-23 01:38:48,142 [main] com.ajioweb.keyword.Keyword 
  INFO  Deleted All Cookies!!
2020-Jun-23 01:38:48,150 [main] com.ajioweb.keyword.Keyword 
  INFO  20SECONDS Page load timeout  is applied!!
2020-Jun-23 01:38:48,162 [main] com.ajioweb.keyword.Keyword 
  INFO  20SECONDS Implicit Wait is applied!!
2020-Jun-23 01:38:48,194 [main] com.ajioweb.keyword.Keyword 
  INFO  Online Shopping for Women, Men, Kids – Clothing, Footwear, Fashion | AJIO  :Returned Current Webpage Title!!
2020-Jun-23 01:38:49,387 [main] com.ajioweb.keyword.Keyword 
  INFO  Current browser window is Closed!!
2020-Jun-23 01:38:56,745 [main] com.ajioweb.keyword.Keyword 
  INFO  chrome is opened!! 
