2020-Jun-23 13:48:04,671 [main] com.ajioweb.keyword.Keyword 
  INFO  chrome is opened!! 
2020-Jun-23 13:48:08,830 [main] com.ajioweb.keyword.Keyword 
  INFO  Maximized Browser Window!!
2020-Jun-23 13:48:14,767 [main] com.ajioweb.keyword.Keyword 
  INFO  https://www.ajio.com is launched!!
2020-Jun-23 13:48:17,661 [main] com.ajioweb.keyword.Keyword 
  INFO  Deleted All Cookies!!
2020-Jun-23 13:48:17,667 [main] com.ajioweb.keyword.Keyword 
  INFO  20SECONDS Page load timeout  is applied!!
2020-Jun-23 13:48:17,672 [main] com.ajioweb.keyword.Keyword 
  INFO  20SECONDS Implicit Wait is applied!!
2020-Jun-23 13:48:18,369 [main] com.ajioweb.keyword.Keyword 
  INFO  Current browser window is Closed!!
2020-Jun-23 13:48:24,106 [main] com.ajioweb.keyword.Keyword 
  INFO  chrome is opened!! 
2020-Jun-23 13:48:28,239 [main] com.ajioweb.keyword.Keyword 
  INFO  Maximized Browser Window!!
2020-Jun-23 13:48:35,427 [main] com.ajioweb.keyword.Keyword 
  INFO  https://www.ajio.com is launched!!
2020-Jun-23 13:48:39,276 [main] com.ajioweb.keyword.Keyword 
  INFO  Deleted All Cookies!!
2020-Jun-23 13:48:39,284 [main] com.ajioweb.keyword.Keyword 
  INFO  20SECONDS Page load timeout  is applied!!
2020-Jun-23 13:48:39,292 [main] com.ajioweb.keyword.Keyword 
  INFO  20SECONDS Implicit Wait is applied!!
2020-Jun-23 13:48:40,081 [main] com.ajioweb.keyword.Keyword 
  INFO  Current browser window is Closed!!
2020-Jun-23 13:48:45,953 [main] com.ajioweb.keyword.Keyword 
  INFO  chrome is opened!! 
2020-Jun-23 13:48:50,084 [main] com.ajioweb.keyword.Keyword 
  INFO  Maximized Browser Window!!
2020-Jun-23 13:48:55,895 [main] com.ajioweb.keyword.Keyword 
  INFO  https://www.ajio.com is launched!!
2020-Jun-23 13:48:58,968 [main] com.ajioweb.keyword.Keyword 
  INFO  Deleted All Cookies!!
2020-Jun-23 13:48:58,974 [main] com.ajioweb.keyword.Keyword 
  INFO  20SECONDS Page load timeout  is applied!!
2020-Jun-23 13:48:58,981 [main] com.ajioweb.keyword.Keyword 
  INFO  20SECONDS Implicit Wait is applied!!
